Using pre-set license
Built from '2020.2/release' branch; Version is '2020.2.1f1 (270dd8c3da1c) revision 2559448'; Using compiler version '192528614'; Build Type 'Release'
OS: 'Windows 10  (10.0.0) 64bit' Language: 'en' Physical Memory: 11976 MB
BatchMode: 1, IsHumanControllingUs: 0, StartBugReporterOnCrash: 0, Is64bit: 1, IsPro: 0

 COMMAND LINE ARGUMENTS:
C:\Program Files\Unity\Hub\Editor\2020.2.1f1\Editor\Unity.exe
-adb2
-batchMode
-noUpm
-name
AssetImportWorker0
-projectPath
C:/Users/jrcro/UnityProjects/RPG-DialogueSystem
-logFile
Logs/AssetImportWorker0.log
-srvPort
57688
Successfully changed project path to: C:/Users/jrcro/UnityProjects/RPG-DialogueSystem
C:/Users/jrcro/UnityProjects/RPG-DialogueSystem
Using Asset Import Pipeline V2.
Refreshing native plugins compatible for Editor in 50.36 ms, found 1 plugins.
Preloading 0 native plugins for Editor in 0.00 ms.
Initialize engine version: 2020.2.1f1 (270dd8c3da1c)
[Subsystems] Discovering subsystems at path C:/Program Files/Unity/Hub/Editor/2020.2.1f1/Editor/Data/Resources/UnitySubsystems
[Subsystems] Discovering subsystems at path C:/Users/jrcro/UnityProjects/RPG-DialogueSystem/Assets
GfxDevice: creating device client; threaded=0
Direct3D:
    Version:  Direct3D 11.0 [level 11.1]
    Renderer: Intel(R) UHD Graphics (ID=0x8a56)
    Vendor:   
    VRAM:     5988 MB
    Driver:   27.20.100.8681
Initialize mono
Mono path[0] = 'C:/Program Files/Unity/Hub/Editor/2020.2.1f1/Editor/Data/Managed'
Mono path[1] = 'C:/Program Files/Unity/Hub/Editor/2020.2.1f1/Editor/Data/MonoBleedingEdge/lib/mono/unityjit'
Mono config path = 'C:/Program Files/Unity/Hub/Editor/2020.2.1f1/Editor/Data/MonoBleedingEdge/etc'
Using monoOptions --debugger-agent=transport=dt_socket,embedding=1,server=y,suspend=n,address=127.0.0.1:56784
Begin MonoManager ReloadAssembly
Registering precompiled unity dll's ...
Register platform support module: C:/Program Files/Unity/Hub/Editor/2020.2.1f1/Editor/Data/PlaybackEngines/WindowsStandaloneSupport/UnityEditor.WindowsStandalone.Extensions.dll
Registered in 0.001534 seconds.
Native extension for WindowsStandalone target not found
Refreshing native plugins compatible for Editor in 50.31 ms, found 1 plugins.
Preloading 0 native plugins for Editor in 0.00 ms.
Invoked RoslynAnalysisRunner static constructor.
RoslynAnalysisRunner will not be running.
RoslynAnalysisRunner has terminated.
Mono: successfully reloaded assembly
- Completed reload, in  1.147 seconds
Platform modules already initialized, skipping
Registering precompiled user dll's ...
Registered in 0.001132 seconds.
Begin MonoManager ReloadAssembly
Native extension for WindowsStandalone target not found
Refreshing native plugins compatible for Editor in 43.75 ms, found 1 plugins.
Preloading 0 native plugins for Editor in 0.00 ms.
Invoked RoslynAnalysisRunner static constructor.
RoslynAnalysisRunner will not be running.
RoslynAnalysisRunner has terminated.
Mono: successfully reloaded assembly
- Completed reload, in  1.068 seconds
Platform modules already initialized, skipping
========================================================================
Worker process is ready to serve import requests
Launched and connected shader compiler UnityShaderCompiler.exe after 0.03 seconds
Refreshing native plugins compatible for Editor in 0.34 ms, found 1 plugins.
Preloading 0 native plugins for Editor in 0.00 ms.
Unloading 1790 Unused Serialized files (Serialized files now loaded: 0)
System memory in use before: 83.6 MB.
System memory in use after: 83.6 MB.

Unloading 24 unused Assets to reduce memory usage. Loaded Objects now: 2229.
Total: 2.139700 ms (FindLiveObjects: 0.195500 ms CreateObjectMapping: 0.099400 ms MarkObjects: 1.746300 ms  DeleteObjects: 0.096600 ms)

========================================================================
Received Import Request.
  path: Assets/Prefabs/Dialogue/Dialogue1.asset
  artifactKey: Guid(1c4268e63cb8262499a974e84146405c) Importer(815301076,1909f56bfc062723c751e8b465ee728b)
Start importing Assets/Prefabs/Dialogue/Dialogue1.asset using Guid(1c4268e63cb8262499a974e84146405c) Importer(815301076,1909f56bfc062723c751e8b465ee728b)  -> (artifact id: '0f3eb8d9b8ab1600ba7f86b4485e2138') in 0.040470 seconds
  Import took 0.044386 seconds .

========================================================================
Received Import Request.
  Time since last request: 357.382674 seconds.
  path: Assets/Code/DialogueEditor/DialogueEditor.cs
  artifactKey: Guid(27c0ef798751c194bb8a84b445e64546) Importer(815301076,1909f56bfc062723c751e8b465ee728b)
Start importing Assets/Code/DialogueEditor/DialogueEditor.cs using Guid(27c0ef798751c194bb8a84b445e64546) Importer(815301076,1909f56bfc062723c751e8b465ee728b)  -> (artifact id: '5184b7d3122e87a39d6e27f3176eb76e') in 0.065008 seconds
  Import took 0.071480 seconds .

========================================================================
Received Import Request.
  Time since last request: 2.995981 seconds.
  path: Assets/Code/Dialogue/Dialogue.cs
  artifactKey: Guid(4b880c2a106da0141837137468b7a2be) Importer(815301076,1909f56bfc062723c751e8b465ee728b)
Start importing Assets/Code/Dialogue/Dialogue.cs using Guid(4b880c2a106da0141837137468b7a2be) Importer(815301076,1909f56bfc062723c751e8b465ee728b)  -> (artifact id: '012140e3fb01e68d1f0f7a68c5b52515') in 0.016652 seconds
  Import took 0.021309 seconds .

========================================================================
Received Import Request.
  Time since last request: 0.708027 seconds.
  path: Assets/Code/Dialogue/DialogueNode.cs
  artifactKey: Guid(107f4d86314245a4bb08145755da46b7) Importer(815301076,1909f56bfc062723c751e8b465ee728b)
Start importing Assets/Code/Dialogue/DialogueNode.cs using Guid(107f4d86314245a4bb08145755da46b7) Importer(815301076,1909f56bfc062723c751e8b465ee728b)  -> (artifact id: 'f56736a44eedea72b0734373b6c412e5') in 0.086841 seconds
  Import took 0.101537 seconds .

========================================================================
Received Prepare
Registering precompiled user dll's ...
Registered in 0.000935 seconds.
Begin MonoManager ReloadAssembly
Native extension for WindowsStandalone target not found
Refreshing native plugins compatible for Editor in 0.32 ms, found 1 plugins.
Preloading 0 native plugins for Editor in 0.00 ms.
Invoked RoslynAnalysisRunner static constructor.
RoslynAnalysisRunner will not be running.
RoslynAnalysisRunner has terminated.
Mono: successfully reloaded assembly
- Completed reload, in  1.023 seconds
Platform modules already initialized, skipping
Refreshing native plugins compatible for Editor in 0.39 ms, found 1 plugins.
Preloading 0 native plugins for Editor in 0.00 ms.
Unloading 1785 Unused Serialized files (Serialized files now loaded: 0)
System memory in use before: 83.6 MB.
System memory in use after: 83.6 MB.

Unloading 12 unused Assets to reduce memory usage. Loaded Objects now: 2232.
Total: 3.260200 ms (FindLiveObjects: 0.437900 ms CreateObjectMapping: 0.051800 ms MarkObjects: 2.670700 ms  DeleteObjects: 0.095700 ms)

========================================================================
Received Prepare
Registering precompiled user dll's ...
Registered in 0.000818 seconds.
Begin MonoManager ReloadAssembly
Native extension for WindowsStandalone target not found
Refreshing native plugins compatible for Editor in 0.34 ms, found 1 plugins.
Preloading 0 native plugins for Editor in 0.00 ms.
Invoked RoslynAnalysisRunner static constructor.
RoslynAnalysisRunner will not be running.
RoslynAnalysisRunner has terminated.
Mono: successfully reloaded assembly
- Completed reload, in  0.941 seconds
Platform modules already initialized, skipping
Refreshing native plugins compatible for Editor in 0.36 ms, found 1 plugins.
Preloading 0 native plugins for Editor in 0.00 ms.
Unloading 1785 Unused Serialized files (Serialized files now loaded: 0)
System memory in use before: 83.7 MB.
System memory in use after: 83.7 MB.

Unloading 12 unused Assets to reduce memory usage. Loaded Objects now: 2235.
Total: 2.255300 ms (FindLiveObjects: 0.352800 ms CreateObjectMapping: 0.084300 ms MarkObjects: 1.719300 ms  DeleteObjects: 0.097300 ms)

========================================================================
Received Prepare
Registering precompiled user dll's ...
Registered in 0.001801 seconds.
Begin MonoManager ReloadAssembly
Native extension for WindowsStandalone target not found
Refreshing native plugins compatible for Editor in 0.40 ms, found 1 plugins.
Preloading 0 native plugins for Editor in 0.00 ms.
Invoked RoslynAnalysisRunner static constructor.
RoslynAnalysisRunner will not be running.
RoslynAnalysisRunner has terminated.
Mono: successfully reloaded assembly
- Completed reload, in  0.894 seconds
Platform modules already initialized, skipping
Refreshing native plugins compatible for Editor in 0.31 ms, found 1 plugins.
Preloading 0 native plugins for Editor in 0.00 ms.
Unloading 1785 Unused Serialized files (Serialized files now loaded: 0)
System memory in use before: 83.8 MB.
System memory in use after: 83.8 MB.

Unloading 12 unused Assets to reduce memory usage. Loaded Objects now: 2238.
Total: 2.346600 ms (FindLiveObjects: 0.320500 ms CreateObjectMapping: 0.118000 ms MarkObjects: 1.724500 ms  DeleteObjects: 0.181700 ms)

========================================================================
Received Import Request.
  Time since last request: 576.171865 seconds.
  path: Assets/Code/DialogueEditor/DialogueEditor.cs
  artifactKey: Guid(27c0ef798751c194bb8a84b445e64546) Importer(815301076,1909f56bfc062723c751e8b465ee728b)
Start importing Assets/Code/DialogueEditor/DialogueEditor.cs using Guid(27c0ef798751c194bb8a84b445e64546) Importer(815301076,1909f56bfc062723c751e8b465ee728b)  -> (artifact id: 'cde87081e6b7819fe571fb37e9a97e63') in 0.010061 seconds
  Import took 0.015046 seconds .

========================================================================
Received Import Request.
  Time since last request: 0.026783 seconds.
  path: Assets/Code/DialogueEditor/DialogueEditor.cs
  artifactKey: Guid(27c0ef798751c194bb8a84b445e64546) Importer(815301076,1909f56bfc062723c751e8b465ee728b)
Start importing Assets/Code/DialogueEditor/DialogueEditor.cs using Guid(27c0ef798751c194bb8a84b445e64546) Importer(815301076,1909f56bfc062723c751e8b465ee728b)  -> (artifact id: 'cde87081e6b7819fe571fb37e9a97e63') in 0.004772 seconds
  Import took 0.008502 seconds .

========================================================================
Received Import Request.
  Time since last request: 211.811408 seconds.
  path: Assets/Prefabs/Dialogue/Dialogue2.asset
  artifactKey: Guid(cafe37f6b1e53a5448e274b393b1391c) Importer(815301076,1909f56bfc062723c751e8b465ee728b)
Start importing Assets/Prefabs/Dialogue/Dialogue2.asset using Guid(cafe37f6b1e53a5448e274b393b1391c) Importer(815301076,1909f56bfc062723c751e8b465ee728b)  -> (artifact id: '92bb1ef91baea238e5c61b4e67fd44f0') in 0.021091 seconds
  Import took 0.025370 seconds .

========================================================================
Received Prepare
Registering precompiled user dll's ...
Registered in 0.001125 seconds.
Begin MonoManager ReloadAssembly
Native extension for WindowsStandalone target not found
Refreshing native plugins compatible for Editor in 0.48 ms, found 1 plugins.
Preloading 0 native plugins for Editor in 0.00 ms.
Invoked RoslynAnalysisRunner static constructor.
RoslynAnalysisRunner will not be running.
RoslynAnalysisRunner has terminated.
Mono: successfully reloaded assembly
- Completed reload, in  0.890 seconds
Platform modules already initialized, skipping
Refreshing native plugins compatible for Editor in 0.36 ms, found 1 plugins.
Preloading 0 native plugins for Editor in 0.00 ms.
Unloading 1785 Unused Serialized files (Serialized files now loaded: 0)
System memory in use before: 83.9 MB.
System memory in use after: 83.9 MB.

Unloading 12 unused Assets to reduce memory usage. Loaded Objects now: 2241.
Total: 2.891400 ms (FindLiveObjects: 0.265200 ms CreateObjectMapping: 0.081600 ms MarkObjects: 2.432100 ms  DeleteObjects: 0.110500 ms)

========================================================================
Received Import Request.
  Time since last request: 573.979761 seconds.
  path: Assets/Code/Dialogue/Dialogue.cs
  artifactKey: Guid(4b880c2a106da0141837137468b7a2be) Importer(815301076,1909f56bfc062723c751e8b465ee728b)
Start importing Assets/Code/Dialogue/Dialogue.cs using Guid(4b880c2a106da0141837137468b7a2be) Importer(815301076,1909f56bfc062723c751e8b465ee728b)  -> (artifact id: '121c32399fa3e91613d250d7832568cf') in 0.015159 seconds
  Import took 0.025632 seconds .

========================================================================
Received Import Request.
  Time since last request: 0.021189 seconds.
  path: Assets/Code/Dialogue/Dialogue.cs
  artifactKey: Guid(4b880c2a106da0141837137468b7a2be) Importer(815301076,1909f56bfc062723c751e8b465ee728b)
Start importing Assets/Code/Dialogue/Dialogue.cs using Guid(4b880c2a106da0141837137468b7a2be) Importer(815301076,1909f56bfc062723c751e8b465ee728b)  -> (artifact id: '121c32399fa3e91613d250d7832568cf') in 0.005441 seconds
  Import took 0.009597 seconds .

========================================================================
Received Prepare
Registering precompiled user dll's ...
Registered in 0.001354 seconds.
Begin MonoManager ReloadAssembly
Native extension for WindowsStandalone target not found
Refreshing native plugins compatible for Editor in 0.61 ms, found 1 plugins.
Preloading 0 native plugins for Editor in 0.00 ms.
Invoked RoslynAnalysisRunner static constructor.
RoslynAnalysisRunner will not be running.
RoslynAnalysisRunner has terminated.
Mono: successfully reloaded assembly
- Completed reload, in  0.871 seconds
Platform modules already initialized, skipping
Refreshing native plugins compatible for Editor in 0.60 ms, found 1 plugins.
Preloading 0 native plugins for Editor in 0.00 ms.
Unloading 1785 Unused Serialized files (Serialized files now loaded: 0)
System memory in use before: 83.9 MB.
System memory in use after: 83.9 MB.

Unloading 12 unused Assets to reduce memory usage. Loaded Objects now: 2244.
Total: 3.752800 ms (FindLiveObjects: 0.538200 ms CreateObjectMapping: 0.140500 ms MarkObjects: 2.903100 ms  DeleteObjects: 0.169000 ms)

========================================================================
Received Prepare
Registering precompiled user dll's ...
Registered in 0.001652 seconds.
Begin MonoManager ReloadAssembly
Native extension for WindowsStandalone target not found
Refreshing native plugins compatible for Editor in 0.77 ms, found 1 plugins.
Preloading 0 native plugins for Editor in 0.00 ms.
Invoked RoslynAnalysisRunner static constructor.
RoslynAnalysisRunner will not be running.
RoslynAnalysisRunner has terminated.
Mono: successfully reloaded assembly
- Completed reload, in  1.027 seconds
Platform modules already initialized, skipping
Refreshing native plugins compatible for Editor in 0.38 ms, found 1 plugins.
Preloading 0 native plugins for Editor in 0.00 ms.
Unloading 1785 Unused Serialized files (Serialized files now loaded: 0)
System memory in use before: 84.0 MB.
System memory in use after: 84.0 MB.

Unloading 12 unused Assets to reduce memory usage. Loaded Objects now: 2247.
Total: 2.104700 ms (FindLiveObjects: 0.194600 ms CreateObjectMapping: 0.061500 ms MarkObjects: 1.732500 ms  DeleteObjects: 0.114100 ms)

========================================================================
Received Prepare
Registering precompiled user dll's ...
Registered in 0.000803 seconds.
Begin MonoManager ReloadAssembly
Native extension for WindowsStandalone target not found
Refreshing native plugins compatible for Editor in 0.47 ms, found 1 plugins.
Preloading 0 native plugins for Editor in 0.00 ms.
Invoked RoslynAnalysisRunner static constructor.
RoslynAnalysisRunner will not be running.
RoslynAnalysisRunner has terminated.
Mono: successfully reloaded assembly
- Completed reload, in  0.940 seconds
Platform modules already initialized, skipping
Refreshing native plugins compatible for Editor in 0.30 ms, found 1 plugins.
Preloading 0 native plugins for Editor in 0.00 ms.
Unloading 1785 Unused Serialized files (Serialized files now loaded: 0)
System memory in use before: 84.1 MB.
System memory in use after: 84.1 MB.

Unloading 12 unused Assets to reduce memory usage. Loaded Objects now: 2250.
Total: 3.509500 ms (FindLiveObjects: 0.358200 ms CreateObjectMapping: 0.095700 ms MarkObjects: 2.880400 ms  DeleteObjects: 0.173300 ms)

========================================================================
Received Prepare
Registering precompiled user dll's ...
Registered in 0.000951 seconds.
Begin MonoManager ReloadAssembly
Native extension for WindowsStandalone target not found
Refreshing native plugins compatible for Editor in 0.28 ms, found 1 plugins.
Preloading 0 native plugins for Editor in 0.00 ms.
Invoked RoslynAnalysisRunner static constructor.
RoslynAnalysisRunner will not be running.
RoslynAnalysisRunner has terminated.
Mono: successfully reloaded assembly
- Completed reload, in  0.939 seconds
Platform modules already initialized, skipping
Refreshing native plugins compatible for Editor in 0.64 ms, found 1 plugins.
Preloading 0 native plugins for Editor in 0.00 ms.
Unloading 1785 Unused Serialized files (Serialized files now loaded: 0)
System memory in use before: 84.1 MB.
System memory in use after: 84.1 MB.

Unloading 12 unused Assets to reduce memory usage. Loaded Objects now: 2253.
Total: 2.687700 ms (FindLiveObjects: 0.285600 ms CreateObjectMapping: 0.068500 ms MarkObjects: 2.204400 ms  DeleteObjects: 0.128100 ms)

========================================================================
Received Prepare
Registering precompiled user dll's ...
Registered in 0.001249 seconds.
Begin MonoManager ReloadAssembly
Native extension for WindowsStandalone target not found
Refreshing native plugins compatible for Editor in 0.41 ms, found 1 plugins.
Preloading 0 native plugins for Editor in 0.00 ms.
Invoked RoslynAnalysisRunner static constructor.
RoslynAnalysisRunner will not be running.
RoslynAnalysisRunner has terminated.
Mono: successfully reloaded assembly
- Completed reload, in  0.953 seconds
Platform modules already initialized, skipping
Refreshing native plugins compatible for Editor in 0.38 ms, found 1 plugins.
Preloading 0 native plugins for Editor in 0.00 ms.
Unloading 1785 Unused Serialized files (Serialized files now loaded: 0)
System memory in use before: 84.2 MB.
System memory in use after: 84.2 MB.

Unloading 12 unused Assets to reduce memory usage. Loaded Objects now: 2256.
Total: 3.316200 ms (FindLiveObjects: 0.321000 ms CreateObjectMapping: 0.103300 ms MarkObjects: 2.700700 ms  DeleteObjects: 0.189100 ms)

========================================================================
Received Prepare
Registering precompiled user dll's ...
Registered in 0.000900 seconds.
Begin MonoManager ReloadAssembly
Native extension for WindowsStandalone target not found
Refreshing native plugins compatible for Editor in 0.32 ms, found 1 plugins.
Preloading 0 native plugins for Editor in 0.00 ms.
Invoked RoslynAnalysisRunner static constructor.
RoslynAnalysisRunner will not be running.
RoslynAnalysisRunner has terminated.
Mono: successfully reloaded assembly
- Completed reload, in  0.998 seconds
Platform modules already initialized, skipping
Refreshing native plugins compatible for Editor in 0.33 ms, found 1 plugins.
Preloading 0 native plugins for Editor in 0.00 ms.
Unloading 1785 Unused Serialized files (Serialized files now loaded: 0)
System memory in use before: 84.2 MB.
System memory in use after: 84.2 MB.

Unloading 12 unused Assets to reduce memory usage. Loaded Objects now: 2259.
Total: 2.286700 ms (FindLiveObjects: 0.428800 ms CreateObjectMapping: 0.066500 ms MarkObjects: 1.684300 ms  DeleteObjects: 0.106000 ms)

========================================================================
Received Prepare
Registering precompiled user dll's ...
Registered in 0.000899 seconds.
Begin MonoManager ReloadAssembly
Native extension for WindowsStandalone target not found
Refreshing native plugins compatible for Editor in 0.38 ms, found 1 plugins.
Preloading 0 native plugins for Editor in 0.00 ms.
Invoked RoslynAnalysisRunner static constructor.
RoslynAnalysisRunner will not be running.
RoslynAnalysisRunner has terminated.
Mono: successfully reloaded assembly
- Completed reload, in  1.005 seconds
Platform modules already initialized, skipping
Refreshing native plugins compatible for Editor in 0.34 ms, found 1 plugins.
Preloading 0 native plugins for Editor in 0.00 ms.
Unloading 1785 Unused Serialized files (Serialized files now loaded: 0)
System memory in use before: 84.3 MB.
System memory in use after: 84.3 MB.

Unloading 12 unused Assets to reduce memory usage. Loaded Objects now: 2262.
Total: 2.436800 ms (FindLiveObjects: 0.468000 ms CreateObjectMapping: 0.085500 ms MarkObjects: 1.784300 ms  DeleteObjects: 0.097600 ms)

========================================================================
Received Prepare
Registering precompiled user dll's ...
Registered in 0.001079 seconds.
Begin MonoManager ReloadAssembly
Native extension for WindowsStandalone target not found
Refreshing native plugins compatible for Editor in 0.42 ms, found 1 plugins.
Preloading 0 native plugins for Editor in 0.00 ms.
Invoked RoslynAnalysisRunner static constructor.
RoslynAnalysisRunner will not be running.
RoslynAnalysisRunner has terminated.
Mono: successfully reloaded assembly
- Completed reload, in  0.914 seconds
Platform modules already initialized, skipping
Refreshing native plugins compatible for Editor in 0.48 ms, found 1 plugins.
Preloading 0 native plugins for Editor in 0.00 ms.
Unloading 1785 Unused Serialized files (Serialized files now loaded: 0)
System memory in use before: 84.3 MB.
System memory in use after: 84.3 MB.

Unloading 12 unused Assets to reduce memory usage. Loaded Objects now: 2265.
Total: 3.286300 ms (FindLiveObjects: 0.578200 ms CreateObjectMapping: 0.180900 ms MarkObjects: 2.404800 ms  DeleteObjects: 0.119700 ms)

========================================================================
Received Prepare
Registering precompiled user dll's ...
Registered in 0.001215 seconds.
Begin MonoManager ReloadAssembly
Native extension for WindowsStandalone target not found
Refreshing native plugins compatible for Editor in 0.42 ms, found 1 plugins.
Preloading 0 native plugins for Editor in 0.00 ms.
Invoked RoslynAnalysisRunner static constructor.
RoslynAnalysisRunner will not be running.
RoslynAnalysisRunner has terminated.
Mono: successfully reloaded assembly
- Completed reload, in  0.894 seconds
Platform modules already initialized, skipping
Refreshing native plugins compatible for Editor in 0.36 ms, found 1 plugins.
Preloading 0 native plugins for Editor in 0.00 ms.
Unloading 1785 Unused Serialized files (Serialized files now loaded: 0)
System memory in use before: 84.4 MB.
System memory in use after: 84.4 MB.

Unloading 12 unused Assets to reduce memory usage. Loaded Objects now: 2268.
Total: 2.783600 ms (FindLiveObjects: 0.205700 ms CreateObjectMapping: 0.114200 ms MarkObjects: 2.336700 ms  DeleteObjects: 0.124300 ms)

========================================================================
Received Prepare
Registering precompiled user dll's ...
Registered in 0.001622 seconds.
Begin MonoManager ReloadAssembly
Native extension for WindowsStandalone target not found
Refreshing native plugins compatible for Editor in 0.38 ms, found 1 plugins.
Preloading 0 native plugins for Editor in 0.00 ms.
Invoked RoslynAnalysisRunner static constructor.
RoslynAnalysisRunner will not be running.
RoslynAnalysisRunner has terminated.
Mono: successfully reloaded assembly
- Completed reload, in  0.897 seconds
Platform modules already initialized, skipping
Refreshing native plugins compatible for Editor in 0.33 ms, found 1 plugins.
Preloading 0 native plugins for Editor in 0.00 ms.
Unloading 1785 Unused Serialized files (Serialized files now loaded: 0)
System memory in use before: 84.5 MB.
System memory in use after: 84.5 MB.

Unloading 12 unused Assets to reduce memory usage. Loaded Objects now: 2271.
Total: 2.881800 ms (FindLiveObjects: 0.339900 ms CreateObjectMapping: 0.155200 ms MarkObjects: 2.245800 ms  DeleteObjects: 0.139500 ms)

AssetImportWorkerClient::OnTransportError - code=2 error=End of file
